Traceback (most recent call last):
  File "/workspace/replicate_analysis__py.py", line 141, in main
    mixed_res = fit_mixedlm(y, X_mixed, groups=groups)
  File "/workspace/replicate_analysis__py.py", line 73, in fit_mixedlm
    model = MixedLM(y, X, groups=groups)
  File "/usr/local/lib/python3.10/site-packages/statsmodels/regression/mixed_linear_model.py", line 741, in __init__
    super().__init__(endog, exog, groups=groups,
  File "/usr/local/lib/python3.10/site-packages/statsmodels/base/model.py", line 270, in __init__
    super().__init__(endog, exog, **kwargs)
  File "/usr/local/lib/python3.10/site-packages/statsmodels/base/model.py", line 95, in __init__
    self.data = self._handle_data(endog, exog, missing, hasconst,
  File "/usr/local/lib/python3.10/site-packages/statsmodels/base/model.py", line 135, in _handle_data
    data = handle_data(endog, exog, missing, hasconst, **kwargs)
  File "/usr/local/lib/python3.10/site-packages/statsmodels/base/data.py", line 694, in handle_data
    return klass(endog, exog=exog, missing=missing, hasconst=hasconst, **kwargs)
  File "/usr/local/lib/python3.10/site-packages/statsmodels/base/data.py", line 90, in __init__
    self._handle_constant(hasconst)
  File "/usr/local/lib/python3.10/site-packages/statsmodels/base/data.py", line 139, in _handle_constant
    raise MissingDataError("exog contains inf or nans")
statsmodels.tools.sm_exceptions.MissingDataError: exog contains inf or nans

During handling of the above exception, another exception occurred:

Traceback (most recent call last):
  File "/workspace/replicate_analysis__py.py", line 153, in main
    ols_res = fit_ols_fe_cluster(y, X, groups)
  File "/workspace/replicate_analysis__py.py", line 85, in fit_ols_fe_cluster
    model = sm.OLS(y, X_fe, missing='drop')
  File "/usr/local/lib/python3.10/site-packages/statsmodels/regression/linear_model.py", line 921, in __init__
    super().__init__(endog, exog, missing=missing,
  File "/usr/local/lib/python3.10/site-packages/statsmodels/regression/linear_model.py", line 746, in __init__
    super().__init__(endog, exog, missing=missing,
  File "/usr/local/lib/python3.10/site-packages/statsmodels/regression/linear_model.py", line 200, in __init__
    super().__init__(endog, exog, **kwargs)
  File "/usr/local/lib/python3.10/site-packages/statsmodels/base/model.py", line 270, in __init__
    super().__init__(endog, exog, **kwargs)
  File "/usr/local/lib/python3.10/site-packages/statsmodels/base/model.py", line 95, in __init__
    self.data = self._handle_data(endog, exog, missing, hasconst,
  File "/usr/local/lib/python3.10/site-packages/statsmodels/base/model.py", line 135, in _handle_data
    data = handle_data(endog, exog, missing, hasconst, **kwargs)
  File "/usr/local/lib/python3.10/site-packages/statsmodels/base/data.py", line 694, in handle_data
    return klass(endog, exog=exog, missing=missing, hasconst=hasconst, **kwargs)
  File "/usr/local/lib/python3.10/site-packages/statsmodels/base/data.py", line 81, in __init__
    self.endog, self.exog = self._convert_endog_exog(self.endog, self.exog)
  File "/usr/local/lib/python3.10/site-packages/statsmodels/base/data.py", line 523, in _convert_endog_exog
    raise ValueError(
ValueError: Pandas data cast to numpy dtype of object. Check input data with np.asarray(data).
